<?xml version="1.0" encoding="UTF-8"?>
<testng-results skipped="0" failed="0" ignored="0" total="1" passed="1">
  <reporter-output>
  </reporter-output>
  <suite name="Suite" duration-ms="32999" started-at="2020-05-09T11:12:08Z" finished-at="2020-05-09T11:12:41Z">
    <groups>
    </groups>
    <test name="Test" duration-ms="32999" started-at="2020-05-09T11:12:08Z" finished-at="2020-05-09T11:12:41Z">
      <class name="org.execution.page.FacebookExe">
        <test-method status="PASS" signature="fb()[pri:0, instance:org.execution.page.FacebookExe@3532ec19]" name="fb" duration-ms="32930" started-at="2020-05-09T11:12:08Z" finished-at="2020-05-09T11:12:41Z">
          <reporter-output>
          </reporter-output>
        </test-method> <!-- fb -->
      </class> <!-- org.execution.page.FacebookExe -->
    </test> <!-- Test -->
  </suite> <!-- Suite -->
</testng-results>
